<?xml version="1.0" encoding="UTF-8"?>
<testng-results ignored="0" total="1" passed="1" failed="0" skipped="0">
  <reporter-output>
  </reporter-output>
  <suite started-at="2024-09-21T13:58:05 IST" name="Default suite" finished-at="2024-09-21T13:58:17 IST" duration-ms="11258">
    <groups>
    </groups>
    <test started-at="2024-09-21T13:58:05 IST" name="Default test" finished-at="2024-09-21T13:58:17 IST" duration-ms="11258">
      <class name="gettingStarted.LoginLogOutTestNG">
        <test-method signature="loginTest()[pri:0, instance:gettingStarted.LoginLogOutTestNG@2805d709]" started-at="2024-09-21T13:58:05 IST" name="loginTest" finished-at="2024-09-21T13:58:17 IST" duration-ms="11167" status="PASS">
          <reporter-output>
          </reporter-output>
        </test-method> <!-- loginTest -->
      </class> <!-- gettingStarted.LoginLogOutTestNG -->
    </test> <!-- Default test -->
  </suite> <!-- Default suite -->
</testng-results>
